<?xml version="1.0" encoding="UTF-8"?>
<!-- Generated by org.testng.reporters.JUnitReportReporter -->
<testsuite hostname="LAPTOP-EJ9TPUS5" failures="0" tests="8" name="api.test.DDTests" time="18.232" errors="0" timestamp="06 Mar 2025 16:35:00 GMT" skipped="0">
  <testcase classname="api.test.DDTests" name="testPostUser" time="1.910"/>
  <testcase classname="api.test.DDTests" name="testPostUser" time="3.043"/>
  <testcase classname="api.test.DDTests" name="testPostUser" time="1.945"/>
  <testcase classname="api.test.DDTests" name="testPostUser" time="2.146"/>
  <testcase classname="api.test.DDTests" name="testDeleteUser" time="1.880"/>
  <testcase classname="api.test.DDTests" name="testDeleteUser" time="2.763"/>
  <testcase classname="api.test.DDTests" name="testDeleteUser" time="1.984"/>
  <testcase classname="api.test.DDTests" name="testDeleteUser" time="2.561"/>
</testsuite> <!-- api.test.DDTests -->
