<?xml version="1.0" encoding="UTF-8"?>
<!-- Generated by org.testng.reporters.JUnitReportReporter -->
<testsuite hostname="LAPTOP-EJ9TPUS5" failures="0" tests="4" name="api.test.UserTests" time="7.863" errors="0" timestamp="07 Mar 2025 06:03:14 GMT" skipped="0">
  <testcase classname="api.test.UserTests" name="testPostUser" time="2.420"/>
  <testcase classname="api.test.UserTests" name="testgetUser" time="1.418"/>
  <testcase classname="api.test.UserTests" name="testUpdateUser" time="2.699"/>
  <testcase classname="api.test.UserTests" name="testdeleteUser" time="1.326"/>
</testsuite> <!-- api.test.UserTests -->
