<?xml version="1.0" encoding="UTF-8"?>
<!-- Generated by org.testng.reporters.JUnitReportReporter -->
<testsuite hostname="LAPTOP-EJ9TPUS5" failures="0" tests="4" name="api.test.UserTests" time="7.773" errors="0" timestamp="07 Mar 2025 06:03:38 GMT" skipped="0">
  <testcase classname="api.test.UserTests" name="testPostUser" time="2.464"/>
  <testcase classname="api.test.UserTests" name="testgetUser" time="1.361"/>
  <testcase classname="api.test.UserTests" name="testUpdateUser" time="2.651"/>
  <testcase classname="api.test.UserTests" name="testdeleteUser" time="1.297"/>
</testsuite> <!-- api.test.UserTests -->
